<?xml version="1.0" encoding="UTF-8" ?>
<testsuite errors="0" failures="0" hostname="CCUSISLNB62" name="com.packt.coverage.MetricsTest" tests="1" time="0.895" timestamp="2014-03-06T16:54:56">
  <properties>
[...]
</properties>
  <testcase classname="com.packt.coverage.MetricsTest" name="when_NULLs_RETURNS_zero" time="0.006" />
  <system-out><![CDATA[uncovered line #3
uncovered line #6
uncovered line #7
uncovered line #8
uncovered line #11
]]></system-out>
  <system-err><![CDATA[]]></system-err>
</testsuite>
